mode: set
miniproject/business/payment_methods/usecase.go:14.87,19.2 1 1
miniproject/business/payment_methods/usecase.go:21.112,22.23 1 1
miniproject/business/payment_methods/usecase.go:26.2,28.16 2 1
miniproject/business/payment_methods/usecase.go:32.2,32.28 1 1
miniproject/business/payment_methods/usecase.go:22.23,24.3 1 0
miniproject/business/payment_methods/usecase.go:28.16,30.3 1 0
miniproject/business/payment_methods/usecase.go:35.114,37.16 2 1
miniproject/business/payment_methods/usecase.go:40.2,40.28 1 1
miniproject/business/payment_methods/usecase.go:37.16,39.3 1 1
miniproject/business/payment_methods/usecase.go:43.107,45.16 2 1
miniproject/business/payment_methods/usecase.go:48.2,48.28 1 1
miniproject/business/payment_methods/usecase.go:51.2,51.28 1 1
miniproject/business/payment_methods/usecase.go:45.16,47.3 1 0
miniproject/business/payment_methods/usecase.go:48.28,50.3 1 1
miniproject/business/payment_methods/usecase.go:54.107,57.16 3 1
miniproject/business/payment_methods/usecase.go:60.2,60.28 1 1
miniproject/business/payment_methods/usecase.go:57.16,59.3 1 1
miniproject/business/payment_methods/usecase.go:63.82,66.16 2 1
miniproject/business/payment_methods/usecase.go:70.2,70.12 1 1
miniproject/business/payment_methods/usecase.go:66.16,68.3 1 1
miniproject/business/descriptions/usecase.go:14.84,19.2 1 1
miniproject/business/descriptions/usecase.go:21.106,22.30 1 1
miniproject/business/descriptions/usecase.go:26.2,28.16 2 1
miniproject/business/descriptions/usecase.go:32.2,32.25 1 1
miniproject/business/descriptions/usecase.go:22.30,24.3 1 0
miniproject/business/descriptions/usecase.go:28.16,30.3 1 0
miniproject/business/descriptions/usecase.go:35.108,37.16 2 1
miniproject/business/descriptions/usecase.go:41.2,41.25 1 1
miniproject/business/descriptions/usecase.go:37.16,39.3 1 1
miniproject/business/descriptions/usecase.go:44.101,46.16 2 1
miniproject/business/descriptions/usecase.go:49.2,49.25 1 1
miniproject/business/descriptions/usecase.go:52.2,52.25 1 1
miniproject/business/descriptions/usecase.go:46.16,48.3 1 0
miniproject/business/descriptions/usecase.go:49.25,51.3 1 1
miniproject/business/descriptions/usecase.go:55.104,58.16 3 1
miniproject/business/descriptions/usecase.go:62.2,62.25 1 1
miniproject/business/descriptions/usecase.go:58.16,60.3 1 1
miniproject/business/descriptions/usecase.go:65.79,68.16 2 1
miniproject/business/descriptions/usecase.go:72.2,72.12 1 1
miniproject/business/descriptions/usecase.go:68.16,70.3 1 1
miniproject/business/categories/usecase.go:14.89,19.2 1 1
miniproject/business/categories/usecase.go:21.100,22.27 1 1
miniproject/business/categories/usecase.go:26.2,28.16 2 1
miniproject/business/categories/usecase.go:32.2,32.22 1 1
miniproject/business/categories/usecase.go:22.27,24.3 1 0
miniproject/business/categories/usecase.go:28.16,30.3 1 0
miniproject/business/categories/usecase.go:35.102,37.16 2 1
miniproject/business/categories/usecase.go:41.2,41.22 1 1
miniproject/business/categories/usecase.go:37.16,39.3 1 1
miniproject/business/categories/usecase.go:44.95,46.16 2 1
miniproject/business/categories/usecase.go:49.2,49.22 1 1
miniproject/business/categories/usecase.go:52.2,52.22 1 1
miniproject/business/categories/usecase.go:46.16,48.3 1 0
miniproject/business/categories/usecase.go:49.22,51.3 1 1
miniproject/business/categories/usecase.go:55.101,58.16 3 1
miniproject/business/categories/usecase.go:62.2,62.22 1 1
miniproject/business/categories/usecase.go:58.16,60.3 1 1
miniproject/business/categories/usecase.go:65.76,68.16 2 1
miniproject/business/categories/usecase.go:72.2,72.12 1 1
miniproject/business/categories/usecase.go:68.16,70.3 1 1
miniproject/business/users/usecase.go:17.107,23.2 1 1
miniproject/business/users/usecase.go:25.111,26.17 1 1
miniproject/business/users/usecase.go:30.2,30.20 1 1
miniproject/business/users/usecase.go:34.2,36.16 2 1
miniproject/business/users/usecase.go:40.2,41.21 2 1
miniproject/business/users/usecase.go:44.2,44.17 1 1
miniproject/business/users/usecase.go:47.2,47.24 1 1
miniproject/business/users/usecase.go:26.17,28.3 1 0
miniproject/business/users/usecase.go:30.20,32.3 1 1
miniproject/business/users/usecase.go:36.16,38.3 1 0
miniproject/business/users/usecase.go:41.21,43.3 1 0
miniproject/business/users/usecase.go:44.17,46.3 1 0
miniproject/business/users/usecase.go:50.90,51.24 1 1
miniproject/business/users/usecase.go:55.2,55.27 1 1
miniproject/business/users/usecase.go:59.2,61.17 2 1
miniproject/business/users/usecase.go:65.2,65.27 1 1
miniproject/business/users/usecase.go:69.2,70.16 2 1
miniproject/business/users/usecase.go:73.2,73.16 1 1
miniproject/business/users/usecase.go:76.2,76.18 1 1
miniproject/business/users/usecase.go:51.24,53.3 1 0
miniproject/business/users/usecase.go:55.27,57.3 1 0
miniproject/business/users/usecase.go:61.17,63.3 1 0
miniproject/business/users/usecase.go:65.27,67.3 1 0
miniproject/business/users/usecase.go:70.16,72.3 1 0
miniproject/business/users/usecase.go:73.16,75.3 1 0
miniproject/business/users/usecase.go:79.80,81.16 2 1
miniproject/business/users/usecase.go:84.2,84.18 1 1
miniproject/business/users/usecase.go:81.16,83.3 1 1
miniproject/business/users/usecase.go:87.87,89.16 2 1
miniproject/business/users/usecase.go:92.2,92.18 1 1
miniproject/business/users/usecase.go:95.2,95.18 1 1
miniproject/business/users/usecase.go:89.16,91.3 1 0
miniproject/business/users/usecase.go:92.18,94.3 1 1
miniproject/business/users/usecase.go:98.97,101.16 3 1
miniproject/business/users/usecase.go:104.2,104.18 1 1
miniproject/business/users/usecase.go:101.16,103.3 1 1
miniproject/business/users/usecase.go:107.72,109.16 2 1
miniproject/business/users/usecase.go:112.2,112.12 1 1
miniproject/business/users/usecase.go:109.16,111.3 1 1
miniproject/business/books/usecase.go:13.77,18.2 1 1
miniproject/business/books/usecase.go:20.93,22.16 2 1
miniproject/business/books/usecase.go:26.2,26.18 1 1
miniproject/business/books/usecase.go:22.16,24.3 1 0
miniproject/business/books/usecase.go:29.94,31.16 2 1
miniproject/business/books/usecase.go:35.2,35.18 1 1
miniproject/business/books/usecase.go:31.16,33.3 1 1
miniproject/business/books/usecase.go:38.87,40.16 2 1
miniproject/business/books/usecase.go:43.2,43.18 1 1
miniproject/business/books/usecase.go:46.2,46.18 1 1
miniproject/business/books/usecase.go:40.16,42.3 1 0
miniproject/business/books/usecase.go:43.18,45.3 1 1
miniproject/business/books/usecase.go:49.97,52.16 3 1
miniproject/business/books/usecase.go:56.2,56.18 1 1
miniproject/business/books/usecase.go:52.16,54.3 1 1
miniproject/business/books/usecase.go:59.72,61.16 2 1
miniproject/business/books/usecase.go:65.2,65.12 1 1
miniproject/business/books/usecase.go:61.16,63.3 1 1
